2022-mar-31 12:25:54 [Test] COMPLETED : Action 'startWebApp' executed successfully with parameters :
'Feature : 'CrearNuevaCuenta' , Url : 'http://automationpractice.com/index.php''.
		Evidence saved at: C:\Users\daniela.grajales\Documents\Pruebas_Automatizadas_Training\SofkaModelo\src\main\resources\evidence\CrearNuevaCuenta_2022-03-31T12-25\CrearNuevaCuenta\CrearUnaCuenta . Image name: CrearUnaCuenta-0.png
2022-mar-31 12:25:58 [Test] COMPLETED : Action 'click' executed successfully with parameters :
'Web Element located by : 'No information' , Timeout : '2''.
		Evidence saved at: C:\Users\daniela.grajales\Documents\Pruebas_Automatizadas_Training\SofkaModelo\src\main\resources\evidence\CrearNuevaCuenta_2022-03-31T12-25\CrearNuevaCuenta\CrearUnaCuenta . Image name: CrearUnaCuenta-1.png
2022-mar-31 12:25:59 [Test] COMPLETED : Action 'sendText' executed successfully with parameters :
'Web Element located by : 'No information' , Text : 'gaston.lind@sofmail.com' , Timeout : '2''.
		Evidence saved at: C:\Users\daniela.grajales\Documents\Pruebas_Automatizadas_Training\SofkaModelo\src\main\resources\evidence\CrearNuevaCuenta_2022-03-31T12-25\CrearNuevaCuenta\CrearUnaCuenta . Image name: CrearUnaCuenta-2.png
2022-mar-31 12:25:59 [Test] COMPLETED : Action 'click' executed successfully with parameters :
'Web Element located by : 'No information' , Timeout : '2''.
		Evidence saved at: C:\Users\daniela.grajales\Documents\Pruebas_Automatizadas_Training\SofkaModelo\src\main\resources\evidence\CrearNuevaCuenta_2022-03-31T12-25\CrearNuevaCuenta\CrearUnaCuenta . Image name: CrearUnaCuenta-3.png
2022-mar-31 12:26:02 [Test] COMPLETED : Action 'click' executed successfully with parameters :
'Web Element located by : 'id: uniform-id_gender1' , Timeout : '10''.
		Evidence saved at: C:\Users\daniela.grajales\Documents\Pruebas_Automatizadas_Training\SofkaModelo\src\main\resources\evidence\CrearNuevaCuenta_2022-03-31T12-25\CrearNuevaCuenta\CrearUnaCuenta . Image name: CrearUnaCuenta-4.png
2022-mar-31 12:26:02 [Test] COMPLETED : Action 'sendText' executed successfully with parameters :
'Web Element located by : 'No information' , Text : 'Gilberto' , Timeout : '5''.
		Evidence saved at: C:\Users\daniela.grajales\Documents\Pruebas_Automatizadas_Training\SofkaModelo\src\main\resources\evidence\CrearNuevaCuenta_2022-03-31T12-25\CrearNuevaCuenta\CrearUnaCuenta . Image name: CrearUnaCuenta-5.png
2022-mar-31 12:26:03 [Test] COMPLETED : Action 'sendText' executed successfully with parameters :
'Web Element located by : 'No information' , Text : 'Dickinson' , Timeout : '5''.
		Evidence saved at: C:\Users\daniela.grajales\Documents\Pruebas_Automatizadas_Training\SofkaModelo\src\main\resources\evidence\CrearNuevaCuenta_2022-03-31T12-25\CrearNuevaCuenta\CrearUnaCuenta . Image name: CrearUnaCuenta-6.png
2022-mar-31 12:26:03 [Test] COMPLETED : Action 'sendText' executed successfully with parameters :
'Web Element located by : 'No information' , Text : '56175348' , Timeout : '5''.
		Evidence saved at: C:\Users\daniela.grajales\Documents\Pruebas_Automatizadas_Training\SofkaModelo\src\main\resources\evidence\CrearNuevaCuenta_2022-03-31T12-25\CrearNuevaCuenta\CrearUnaCuenta . Image name: CrearUnaCuenta-7.png
2022-mar-31 12:26:04 [Test] COMPLETED : Action 'selectByPartialText' executed successfully with parameters :
'Web Element located by : 'No information' , Option Partial Text : '22' , Timeout : '5''.
		Evidence saved at: C:\Users\daniela.grajales\Documents\Pruebas_Automatizadas_Training\SofkaModelo\src\main\resources\evidence\CrearNuevaCuenta_2022-03-31T12-25\CrearNuevaCuenta\CrearUnaCuenta . Image name: CrearUnaCuenta-8.png
2022-mar-31 12:26:04 [Test] COMPLETED : Action 'selectByValue' executed successfully with parameters :
'Web Element located by : 'No information' , Option Value : '10' , Timeout : '5''.
		Evidence saved at: C:\Users\daniela.grajales\Documents\Pruebas_Automatizadas_Training\SofkaModelo\src\main\resources\evidence\CrearNuevaCuenta_2022-03-31T12-25\CrearNuevaCuenta\CrearUnaCuenta . Image name: CrearUnaCuenta-9.png
2022-mar-31 12:26:05 [Test] COMPLETED : Action 'selectByPartialText' executed successfully with parameters :
'Web Element located by : 'No information' , Option Partial Text : '1984' , Timeout : '5''.
		Evidence saved at: C:\Users\daniela.grajales\Documents\Pruebas_Automatizadas_Training\SofkaModelo\src\main\resources\evidence\CrearNuevaCuenta_2022-03-31T12-25\CrearNuevaCuenta\CrearUnaCuenta . Image name: CrearUnaCuenta-10.png
2022-mar-31 12:26:05 [Test] COMPLETED : Action 'sendText' executed successfully with parameters :
'Web Element located by : 'No information' , Text : 'Apt. 006 06129 Adalberto Inlet, Brekkeport, KS 42850' , Timeout : '5''.
		Evidence saved at: C:\Users\daniela.grajales\Documents\Pruebas_Automatizadas_Training\SofkaModelo\src\main\resources\evidence\CrearNuevaCuenta_2022-03-31T12-25\CrearNuevaCuenta\CrearUnaCuenta . Image name: CrearUnaCuenta-11.png
2022-mar-31 12:26:06 [Test] COMPLETED : Action 'sendText' executed successfully with parameters :
'Web Element located by : 'No information' , Text : 'South Toney' , Timeout : '5''.
		Evidence saved at: C:\Users\daniela.grajales\Documents\Pruebas_Automatizadas_Training\SofkaModelo\src\main\resources\evidence\CrearNuevaCuenta_2022-03-31T12-25\CrearNuevaCuenta\CrearUnaCuenta . Image name: CrearUnaCuenta-12.png
2022-mar-31 12:26:06 [Test] COMPLETED : Action 'selectByText' executed successfully with parameters :
'Web Element located by : 'No information' , Option Text : 'Florida' , Timeout : '5''.
		Evidence saved at: C:\Users\daniela.grajales\Documents\Pruebas_Automatizadas_Training\SofkaModelo\src\main\resources\evidence\CrearNuevaCuenta_2022-03-31T12-25\CrearNuevaCuenta\CrearUnaCuenta . Image name: CrearUnaCuenta-13.png
2022-mar-31 12:26:06 [Test] COMPLETED : Action 'sendText' executed successfully with parameters :
'Web Element located by : 'No information' , Text : '86606-8961' , Timeout : '5''.
		Evidence saved at: C:\Users\daniela.grajales\Documents\Pruebas_Automatizadas_Training\SofkaModelo\src\main\resources\evidence\CrearNuevaCuenta_2022-03-31T12-25\CrearNuevaCuenta\CrearUnaCuenta . Image name: CrearUnaCuenta-14.png
2022-mar-31 12:26:07 [Test] COMPLETED : Action 'sendText' executed successfully with parameters :
'Web Element located by : 'No information' , Text : '3043635886' , Timeout : '5''.
		Evidence saved at: C:\Users\daniela.grajales\Documents\Pruebas_Automatizadas_Training\SofkaModelo\src\main\resources\evidence\CrearNuevaCuenta_2022-03-31T12-25\CrearNuevaCuenta\CrearUnaCuenta . Image name: CrearUnaCuenta-15.png
2022-mar-31 12:26:13 [Test] COMPLETED : Action 'click' executed successfully with parameters :
'Web Element located by : 'No information' , Timeout : '5''.
		Evidence saved at: C:\Users\daniela.grajales\Documents\Pruebas_Automatizadas_Training\SofkaModelo\src\main\resources\evidence\CrearNuevaCuenta_2022-03-31T12-25\CrearNuevaCuenta\CrearUnaCuenta . Image name: CrearUnaCuenta-16.png
2022-mar-31 12:26:16 [Test] FAILED : Ocurrio un error al intentar validar la creaciÃ³n de un cuenta.
>> Failure:
co.com.sofka.test.exceptions.WebActionsException: Action 'getText' execution failed with parameters :
'Web Element located by : 'className: account' , Timeout : '2''.
		Evidence saved at: C:\Users\daniela.grajales\Documents\Pruebas_Automatizadas_Training\SofkaModelo\src\main\resources\evidence\CrearNuevaCuenta_2022-03-31T12-25\CrearNuevaCuenta\CrearUnaCuenta . Image name: CrearUnaCuenta-17.png
	at co.com.sofka.test.actions.WebAction.getText(WebAction.java:1332)
	at com.co.daniela.webproject.test.controllers.loginuser.MyAccountWebController.obtenerNombreDeNuevoUsuario(MyAccountWebController.java:20)
	at com.co.daniela.webproject.test.stepdefinition.login.CrearNuevaCuentaStepDefinition.como_resultado_el_usuario_quedara_logueado_dentro_de_su_respectiva_sesion_per_se(CrearNuevaCuentaStepDefinition.java:62)
	at sun.reflect.NativeMethodAccessorImpl.invoke0(Native Method)
	at sun.reflect.NativeMethodAccessorImpl.invoke(NativeMethodAccessorImpl.java:62)
	at sun.reflect.DelegatingMethodAccessorImpl.invoke(DelegatingMethodAccessorImpl.java:43)
	at java.lang.reflect.Method.invoke(Method.java:498)
	at io.cucumber.java.Invoker.doInvoke(Invoker.java:66)
	at io.cucumber.java.Invoker.invoke(Invoker.java:24)
	at io.cucumber.java.AbstractGlueDefinition.invokeMethod(AbstractGlueDefinition.java:47)
	at io.cucumber.java.JavaStepDefinition.execute(JavaStepDefinition.java:29)
	at io.cucumber.core.runner.CoreStepDefinition.execute(CoreStepDefinition.java:66)
	at io.cucumber.core.runner.PickleStepDefinitionMatch.runStep(PickleStepDefinitionMatch.java:63)
	at io.cucumber.core.runner.ExecutionMode$1.execute(ExecutionMode.java:10)
	at io.cucumber.core.runner.TestStep.executeStep(TestStep.java:86)
	at io.cucumber.core.runner.TestStep.run(TestStep.java:57)
	at io.cucumber.core.runner.PickleStepTestStep.run(PickleStepTestStep.java:51)
	at io.cucumber.core.runner.TestCase.run(TestCase.java:95)
	at io.cucumber.core.runner.Runner.runPickle(Runner.java:75)
	at io.cucumber.junit.PickleRunners$NoStepDescriptions.lambda$run$0(PickleRunners.java:151)
	at io.cucumber.core.runtime.CucumberExecutionContext.lambda$runTestCase$3(CucumberExecutionContext.java:110)
	at io.cucumber.core.runtime.RethrowingThrowableCollector.executeAndThrow(RethrowingThrowableCollector.java:23)
	at io.cucumber.core.runtime.CucumberExecutionContext.runTestCase(CucumberExecutionContext.java:110)
	at io.cucumber.junit.PickleRunners$NoStepDescriptions.run(PickleRunners.java:148)
	at io.cucumber.junit.FeatureRunner.runChild(FeatureRunner.java:144)
	at io.cucumber.junit.FeatureRunner.runChild(FeatureRunner.java:28)
	at org.junit.runners.ParentRunner$4.run(ParentRunner.java:331)
	at org.junit.runners.ParentRunner$1.schedule(ParentRunner.java:79)
	at org.junit.runners.ParentRunner.runChildren(ParentRunner.java:329)
	at org.junit.runners.ParentRunner.access$100(ParentRunner.java:66)
	at org.junit.runners.ParentRunner$2.evaluate(ParentRunner.java:293)
	at org.junit.runners.ParentRunner$3.evaluate(ParentRunner.java:306)
	at org.junit.runners.ParentRunner.run(ParentRunner.java:413)
	at io.cucumber.junit.FeatureRunner.run(FeatureRunner.java:137)
	at io.cucumber.junit.Cucumber.runChild(Cucumber.java:196)
	at io.cucumber.junit.Cucumber.runChild(Cucumber.java:89)
	at org.junit.runners.ParentRunner$4.run(ParentRunner.java:331)
	at org.junit.runners.ParentRunner$1.schedule(ParentRunner.java:79)
	at org.junit.runners.ParentRunner.runChildren(ParentRunner.java:329)
	at org.junit.runners.ParentRunner.access$100(ParentRunner.java:66)
	at org.junit.runners.ParentRunner$2.evaluate(ParentRunner.java:293)
	at io.cucumber.junit.Cucumber$RunBeforeAllHooks.evaluate(Cucumber.java:266)
	at io.cucumber.junit.Cucumber$RunAfterAllHooks.evaluate(Cucumber.java:281)
	at io.cucumber.junit.Cucumber$StartTestRun.evaluate(Cucumber.java:233)
	at io.cucumber.junit.Cucumber$FinishTestRun.evaluate(Cucumber.java:248)
	at org.junit.runners.ParentRunner$3.evaluate(ParentRunner.java:306)
	at org.junit.runners.ParentRunner.run(ParentRunner.java:413)
	at org.junit.runner.JUnitCore.run(JUnitCore.java:137)
	at com.intellij.junit4.JUnit4IdeaTestRunner.startRunnerWithArgs(JUnit4IdeaTestRunner.java:69)
	at com.intellij.rt.junit.IdeaTestRunner$Repeater.startRunnerWithArgs(IdeaTestRunner.java:33)
	at com.intellij.rt.junit.JUnitStarter.prepareStreamsAndStart(JUnitStarter.java:235)
	at com.intellij.rt.junit.JUnitStarter.main(JUnitStarter.java:54)
Caused by: org.openqa.selenium.TimeoutException: Expected condition failed: waiting for visibility of Proxy element for: DefaultElementLocator 'By.className: account' (tried for 2 second(s) with 500 milliseconds interval)
	at org.openqa.selenium.support.ui.WebDriverWait.timeoutException(WebDriverWait.java:95)
	at org.openqa.selenium.support.ui.FluentWait.until(FluentWait.java:272)
	at co.com.sofka.test.actions.WebAction.getText(WebAction.java:1316)
	... 51 more
Caused by: org.openqa.selenium.NoSuchElementException: no such element: Unable to locate element: {"method":"css selector","selector":".account"}
  (Session info: chrome=99.0.4844.84)
For documentation on this error, please visit: https://www.seleniumhq.org/exceptions/no_such_element.html
Build info: version: '3.141.59', revision: 'e82be7d358', time: '2018-11-14T08:17:03'
System info: host: 'PSOFKA0598', ip: '192.168.1.57', os.name: 'Windows 10', os.arch: 'amd64', os.version: '10.0', java.version: '1.8.0_202'
Driver info: org.openqa.selenium.chrome.ChromeDriver
Capabilities {acceptInsecureCerts: false, browserName: chrome, browserVersion: 99.0.4844.84, chrome: {chromedriverVersion: 99.0.4844.51 (d537ec02474b5..., userDataDir: C:\Users\DANIEL~1.GRA\AppDa...}, goog:chromeOptions: {debuggerAddress: localhost:61663}, javascriptEnabled: true, networkConnectionEnabled: false, pageLoadStrategy: normal, platform: WINDOWS, platformName: WINDOWS, proxy: Proxy(), setWindowRect: true, strictFileInteractability: false, timeouts: {implicit: 0, pageLoad: 300000, script: 30000}, unhandledPromptBehavior: dismiss and notify, webauthn:extension:credBlob: true, webauthn:extension:largeBlob: true, webauthn:virtualAuthenticators: true}
Session ID: 69e3b93b647fd55f634d4316ce69d544
*** Element info: {Using=class name, value=account}
	at sun.reflect.NativeConstructorAccessorImpl.newInstance0(Native Method)
	at sun.reflect.NativeConstructorAccessorImpl.newInstance(NativeConstructorAccessorImpl.java:62)
	at sun.reflect.DelegatingConstructorAccessorImpl.newInstance(DelegatingConstructorAccessorImpl.java:45)
	at java.lang.reflect.Constructor.newInstance(Constructor.java:423)
	at org.openqa.selenium.remote.http.W3CHttpResponseCodec.createException(W3CHttpResponseCodec.java:187)
	at org.openqa.selenium.remote.http.W3CHttpResponseCodec.decode(W3CHttpResponseCodec.java:122)
	at org.openqa.selenium.remote.http.W3CHttpResponseCodec.decode(W3CHttpResponseCodec.java:49)
	at org.openqa.selenium.remote.HttpCommandExecutor.execute(HttpCommandExecutor.java:158)
	at org.openqa.selenium.remote.service.DriverCommandExecutor.execute(DriverCommandExecutor.java:83)
	at org.openqa.selenium.remote.RemoteWebDriver.execute(RemoteWebDriver.java:552)
	at org.openqa.selenium.remote.RemoteWebDriver.findElement(RemoteWebDriver.java:323)
	at org.openqa.selenium.remote.RemoteWebDriver.findElementByClassName(RemoteWebDriver.java:412)
	at org.openqa.selenium.By$ByClassName.findElement(By.java:389)
	at org.openqa.selenium.remote.RemoteWebDriver.findElement(RemoteWebDriver.java:315)
	at org.openqa.selenium.support.pagefactory.DefaultElementLocator.findElement(DefaultElementLocator.java:69)
	at org.openqa.selenium.support.pagefactory.internal.LocatingElementHandler.invoke(LocatingElementHandler.java:38)
	at com.sun.proxy.$Proxy33.isDisplayed(Unknown Source)
	at org.openqa.selenium.support.ui.ExpectedConditions.elementIfVisible(ExpectedConditions.java:314)
	at org.openqa.selenium.support.ui.ExpectedConditions.access$000(ExpectedConditions.java:43)
	at org.openqa.selenium.support.ui.ExpectedConditions$10.apply(ExpectedConditions.java:300)
	at org.openqa.selenium.support.ui.ExpectedConditions$10.apply(ExpectedConditions.java:297)
	at org.openqa.selenium.support.ui.FluentWait.until(FluentWait.java:249)
	... 52 more

2022-mar-31 12:26:16 [Test] INFO  : *****HA FINALIZADO LA PRUEBA******CrearNuevaCuenta-CrearUnaCuenta
